<?xml version="1.0" encoding="UTF-8"?>
<!-- Generated by org.testng.reporters.JUnitXMLReporter -->
<testsuite ignored="0" hostname="DESKTOP-AP4JK8A" failures="0" tests="7" name="OpenMRS Test" time="73.838" errors="0" timestamp="2024-02-08T12:23:01 IST">
  <testcase classname="openMRS.testCases.TC_LoginTest_001" name="LoginTest" time="9.023"/>
  <testcase classname="openMRS.testCases.TC_LoginDDT_002" name="LoginTest01" time="9.73"/>
  <testcase classname="openMRS.testCases.TC_LoginDDT_002" name="LoginTest01" time="3.933"/>
  <testcase classname="openMRS.testCases.TC_LoginDDT_002" name="LoginTest01" time="3.867"/>
  <testcase classname="openMRS.testCases.TC_LoginDDT_002" name="LoginTest01" time="4.092"/>
  <testcase classname="openMRS.testCases.TC_InpatientWord_003" name="InpatientWordTest" time="16.425"/>
  <testcase classname="openMRS.testCases.TC_IsolationWord_004" name="IsolationWordTest" time="14.869"/>
</testsuite> <!-- OpenMRS Test -->
