<?xml version="1.0" encoding="UTF-8"?>
<!-- Generated by org.testng.reporters.JUnitXMLReporter -->
<testsuite ignored="0" hostname="DESKTOP-AP4JK8A" failures="0" tests="7" name="OpenMRS Test" time="68.609" errors="0" timestamp="2024-02-08T12:15:50 IST">
  <testcase classname="openMRS.testCases.TC_LoginTest_001" name="LoginTest" time="8.941"/>
  <testcase classname="openMRS.testCases.TC_LoginDDT_002" name="LoginTest01" time="7.521"/>
  <testcase classname="openMRS.testCases.TC_LoginDDT_002" name="LoginTest01" time="3.729"/>
  <testcase classname="openMRS.testCases.TC_LoginDDT_002" name="LoginTest01" time="4.338"/>
  <testcase classname="openMRS.testCases.TC_LoginDDT_002" name="LoginTest01" time="4.224"/>
  <testcase classname="openMRS.testCases.TC_InpatientWord_003" name="InpatientWordTest" time="15.693"/>
  <testcase classname="openMRS.testCases.TC_IsolationWord_004" name="IsolationWordTest" time="14.694"/>
</testsuite> <!-- OpenMRS Test -->
