<?xml version="1.0" encoding="UTF-8"?>
<testng-results ignored="0" total="7" passed="7" failed="0" skipped="0">
  <reporter-output>
  </reporter-output>
  <suite started-at="2024-02-08T12:14:41 IST" name="OpenMRS" finished-at="2024-02-08T12:15:50 IST" duration-ms="68609">
    <groups>
    </groups>
    <test started-at="2024-02-08T12:14:41 IST" name="OpenMRS Test" finished-at="2024-02-08T12:15:50 IST" duration-ms="68609">
      <class name="openMRS.testCases.TC_LoginDDT_002">
        <test-method is-config="true" signature="setUp()[pri:0, instance:openMRS.testCases.TC_LoginDDT_002@1e0b4072]" started-at="2024-02-08T12:14:55 IST" name="setUp" finished-at="2024-02-08T12:14:56 IST" duration-ms="1018" status="PASS">
          <reporter-output>
          </reporter-output>
        </test-method> <!-- setUp -->
        <test-method signature="LoginTest01(java.lang.String,java.lang.String)[pri:1, instance:openMRS.testCases.TC_LoginDDT_002@1e0b4072]" started-at="2024-02-08T12:14:57 IST" name="LoginTest01" data-provider="data" finished-at="2024-02-08T12:15:04 IST" duration-ms="7521" status="PASS">
          <params>
            <param index="0">
              <value>
                <![CDATA[Admin]]>
              </value>
            </param>
            <param index="1">
              <value>
                <![CDATA[Admin123]]>
              </value>
            </param>
          </params>
          <reporter-output>
          </reporter-output>
        </test-method> <!-- LoginTest01 -->
        <test-method signature="LoginTest01(java.lang.String,java.lang.String)[pri:1, instance:openMRS.testCases.TC_LoginDDT_002@1e0b4072]" started-at="2024-02-08T12:15:04 IST" name="LoginTest01" data-provider="data" finished-at="2024-02-08T12:15:08 IST" duration-ms="3729" status="PASS">
          <params>
            <param index="0">
              <value>
                <![CDATA[Admin]]>
              </value>
            </param>
            <param index="1">
              <value>
                <![CDATA[Admin123]]>
              </value>
            </param>
          </params>
          <reporter-output>
          </reporter-output>
        </test-method> <!-- LoginTest01 -->
        <test-method signature="LoginTest01(java.lang.String,java.lang.String)[pri:1, instance:openMRS.testCases.TC_LoginDDT_002@1e0b4072]" started-at="2024-02-08T12:15:08 IST" name="LoginTest01" data-provider="data" finished-at="2024-02-08T12:15:12 IST" duration-ms="4338" status="PASS">
          <params>
            <param index="0">
              <value>
                <![CDATA[Admin]]>
              </value>
            </param>
            <param index="1">
              <value>
                <![CDATA[Admin123]]>
              </value>
            </param>
          </params>
          <reporter-output>
          </reporter-output>
        </test-method> <!-- LoginTest01 -->
        <test-method signature="LoginTest01(java.lang.String,java.lang.String)[pri:1, instance:openMRS.testCases.TC_LoginDDT_002@1e0b4072]" started-at="2024-02-08T12:15:12 IST" name="LoginTest01" data-provider="data" finished-at="2024-02-08T12:15:16 IST" duration-ms="4224" status="PASS">
          <params>
            <param index="0">
              <value>
                <![CDATA[Admin]]>
              </value>
            </param>
            <param index="1">
              <value>
                <![CDATA[Admin123]]>
              </value>
            </param>
          </params>
          <reporter-output>
          </reporter-output>
        </test-method> <!-- LoginTest01 -->
        <test-method is-config="true" signature="tearDown()[pri:0, instance:openMRS.testCases.TC_LoginDDT_002@1e0b4072]" started-at="2024-02-08T12:15:16 IST" name="tearDown" finished-at="2024-02-08T12:15:17 IST" duration-ms="257" status="PASS">
          <reporter-output>
          </reporter-output>
        </test-method> <!-- tearDown -->
      </class> <!-- openMRS.testCases.TC_LoginDDT_002 -->
      <class name="openMRS.testCases.TC_IsolationWord_004">
        <test-method is-config="true" signature="setUp()[pri:0, instance:openMRS.testCases.TC_IsolationWord_004@38cee291]" started-at="2024-02-08T12:15:34 IST" name="setUp" finished-at="2024-02-08T12:15:35 IST" duration-ms="975" status="PASS">
          <reporter-output>
          </reporter-output>
        </test-method> <!-- setUp -->
        <test-method signature="IsolationWordTest()[pri:3, instance:openMRS.testCases.TC_IsolationWord_004@38cee291]" started-at="2024-02-08T12:15:35 IST" name="IsolationWordTest" finished-at="2024-02-08T12:15:50 IST" duration-ms="14694" status="PASS">
          <reporter-output>
          </reporter-output>
        </test-method> <!-- IsolationWordTest -->
        <test-method is-config="true" signature="tearDown()[pri:0, instance:openMRS.testCases.TC_IsolationWord_004@38cee291]" started-at="2024-02-08T12:15:50 IST" name="tearDown" finished-at="2024-02-08T12:15:50 IST" duration-ms="333" status="PASS">
          <reporter-output>
          </reporter-output>
        </test-method> <!-- tearDown -->
      </class> <!-- openMRS.testCases.TC_IsolationWord_004 -->
      <class name="openMRS.testCases.TC_LoginTest_001">
        <test-method is-config="true" signature="setUp()[pri:0, instance:openMRS.testCases.TC_LoginTest_001@7b36aa0c]" started-at="2024-02-08T12:14:42 IST" name="setUp" finished-at="2024-02-08T12:14:45 IST" duration-ms="3544" status="PASS">
          <reporter-output>
          </reporter-output>
        </test-method> <!-- setUp -->
        <test-method signature="LoginTest()[pri:0, instance:openMRS.testCases.TC_LoginTest_001@7b36aa0c]" started-at="2024-02-08T12:14:45 IST" name="LoginTest" finished-at="2024-02-08T12:14:54 IST" duration-ms="8941" status="PASS">
          <reporter-output>
          </reporter-output>
        </test-method> <!-- LoginTest -->
        <test-method is-config="true" signature="tearDown()[pri:0, instance:openMRS.testCases.TC_LoginTest_001@7b36aa0c]" started-at="2024-02-08T12:14:54 IST" name="tearDown" finished-at="2024-02-08T12:14:55 IST" duration-ms="265" status="PASS">
          <reporter-output>
          </reporter-output>
        </test-method> <!-- tearDown -->
      </class> <!-- openMRS.testCases.TC_LoginTest_001 -->
      <class name="openMRS.testCases.TC_InpatientWord_003">
        <test-method is-config="true" signature="setUp()[pri:0, instance:openMRS.testCases.TC_InpatientWord_003@791f145a]" started-at="2024-02-08T12:15:17 IST" name="setUp" finished-at="2024-02-08T12:15:18 IST" duration-ms="1286" status="PASS">
          <reporter-output>
          </reporter-output>
        </test-method> <!-- setUp -->
        <test-method signature="InpatientWordTest()[pri:2, instance:openMRS.testCases.TC_InpatientWord_003@791f145a]" started-at="2024-02-08T12:15:18 IST" name="InpatientWordTest" finished-at="2024-02-08T12:15:34 IST" duration-ms="15693" status="PASS">
          <reporter-output>
          </reporter-output>
        </test-method> <!-- InpatientWordTest -->
        <test-method is-config="true" signature="tearDown()[pri:0, instance:openMRS.testCases.TC_InpatientWord_003@791f145a]" started-at="2024-02-08T12:15:34 IST" name="tearDown" finished-at="2024-02-08T12:15:34 IST" duration-ms="348" status="PASS">
          <reporter-output>
          </reporter-output>
        </test-method> <!-- tearDown -->
      </class> <!-- openMRS.testCases.TC_InpatientWord_003 -->
    </test> <!-- OpenMRS Test -->
  </suite> <!-- OpenMRS -->
</testng-results>
